<?xml version="1.0" encoding="UTF-8"?>
<!-- Generated by org.testng.reporters.JUnitXMLReporter -->
<testsuite ignored="0" hostname="MacBook-Pro-Alexandra.local" failures="0" tests="9" name="Tests for Chrome" time="151.32" errors="0" timestamp="2023-07-24T23:15:54 AMT">
  <testcase classname="by.teachmeskills.LoginTest" name="loginValidUser" time="7.895"/>
  <testcase classname="by.teachmeskills.LoginTest" name="loginWithWrongEmail" time="8.149"/>
  <testcase classname="by.teachmeskills.LoginTest" name="loginWithWrongPassword" time="7.546"/>
  <testcase classname="by.teachmeskills.LoginTest" name="loginWithoutData" time="5.166"/>
  <testcase classname="by.teachmeskills.LoginTest" name="loginWithoutPassword" time="5.637"/>
  <testcase classname="by.teachmeskills.LoginTest" name="logoutTest" time="10.48"/>
  <testcase classname="by.teachmeskills.CartTest" name="checkedAddingItemToCart" time="18.446"/>
  <testcase classname="by.teachmeskills.CartTest" name="payByBankWire" time="32.222"/>
  <testcase classname="by.teachmeskills.CartTest" name="payByCheck" time="33.602"/>
</testsuite> <!-- Tests for Chrome -->
